#
# There is insufficient memory for the Java Runtime Environment to continue.
# Native memory allocation (mmap) failed to map 65536 bytes. Error detail: Failed to commit metaspace.
# Possible reasons:
#   The system is out of physical RAM or swap space
#   This process is running with CompressedOops enabled, and the Java Heap may be blocking the growth of the native heap
# Possible solutions:
#   Reduce memory load on the system
#   Increase physical memory or swap space
#   Check if swap backing store is full
#   Decrease Java heap size (-Xmx/-Xms)
#   Decrease number of Java threads
#   Decrease Java thread stack sizes (-Xss)
#   Set larger code cache with -XX:ReservedCodeCacheSize=
#   JVM is running with Zero Based Compressed Oops mode in which the Java heap is
#     placed in the first 32GB address space. The Java Heap base address is the
#     maximum limit for the native heap growth. Please use -XX:HeapBaseMinAddress
#     to set the Java Heap base and to place the Java Heap above 32GB virtual address.
# This output file may be truncated or incomplete.
#
#  Out of Memory Error (virtualSpaceNode.cpp:112), pid=9376, tid=1088
#
# JRE version: OpenJDK Runtime Environment (21.0.3) (build 21.0.3+-12282718-b509.11)
# Java VM: OpenJDK 64-Bit Server VM (21.0.3+-12282718-b509.11, mixed mode, tiered, compressed oops, compressed class ptrs, g1 gc, windows-amd64)
# No core dump will be written. Minidumps are not enabled by default on client versions of Windows
#

---------------  S U M M A R Y ------------

Command Line: -Xmx4096m -Dorg.gradle.appname=gradlew org.gradle.wrapper.GradleWrapperMain -q -Ptarget-platform=android-arm,android-arm64,android-x64 -Ptarget=lib\main.dart -Pbase-application-name=android.app.Application -Pdart-obfuscation=false -Ptrack-widget-creation=true -Ptree-shake-icons=true assembleRelease

Host: Intel(R) Core(TM) i3-6100U CPU @ 2.30GHz, 4 cores, 3G,  Windows 10 , 64 bit Build 19041 (10.0.19041.5198)
Time: Sun Dec  1 13:17:34 2024 Pacific Standard Time elapsed time: 33.356865 seconds (0d 0h 0m 33s)

---------------  T H R E A D  ---------------

Current thread (0x000001c9e7bb3750):  JavaThread "main"             [_thread_in_vm, id=1088, stack(0x000000023a800000,0x000000023a900000) (1024K)]

Stack: [0x000000023a800000,0x000000023a900000]
Native frames: (J=compiled Java code, j=interpreted, Vv=VM code, C=native code)
V  [jvm.dll+0x6cafb9]
V  [jvm.dll+0x858523]
V  [jvm.dll+0x85aa7e]
V  [jvm.dll+0x85b163]
V  [jvm.dll+0x27d356]
V  [jvm.dll+0x8533fe]
V  [jvm.dll+0x66f385]
V  [jvm.dll+0x1e2941]
V  [jvm.dll+0x1e270e]
V  [jvm.dll+0x671cd8]
V  [jvm.dll+0x671b12]
V  [jvm.dll+0x66fd7e]
V  [jvm.dll+0x279a26]
V  [jvm.dll+0x72187a]
V  [jvm.dll+0x7223bf]
V  [jvm.dll+0x3bffcb]
V  [jvm.dll+0x3bed8c]
V  [jvm.dll+0x3bed28]
V  [jvm.dll+0x3d0d8a]
C  0x000001c9f224a994

The last pc belongs to new (printed below).
Java frames: (J=compiled Java code, j=interpreted, Vv=VM code)
j  org.gradle.internal.logging.serializer.StyledTextOutputEventSerializer.read(Lorg/gradle/internal/serialize/Decoder;)Lorg/gradle/internal/logging/events/StyledTextOutputEvent;+73
j  org.gradle.internal.logging.serializer.StyledTextOutputEventSerializer.read(Lorg/gradle/internal/serialize/Decoder;)Ljava/lang/Object;+2
j  org.gradle.internal.serialize.DefaultSerializerRegistry$TaggedTypeSerializer.read(Lorg/gradle/internal/serialize/Decoder;)Ljava/lang/Object;+60
j  org.gradle.launcher.daemon.protocol.DaemonMessageSerializer$OutputMessageSerializer.read(Lorg/gradle/internal/serialize/Decoder;)Lorg/gradle/launcher/daemon/protocol/OutputMessage;+9
j  org.gradle.launcher.daemon.protocol.DaemonMessageSerializer$OutputMessageSerializer.read(Lorg/gradle/internal/serialize/Decoder;)Ljava/lang/Object;+2
j  org.gradle.internal.serialize.DefaultSerializerRegistry$TaggedTypeSerializer.read(Lorg/gradle/internal/serialize/Decoder;)Ljava/lang/Object;+60
j  org.gradle.internal.serialize.Serializers$StatefulSerializerAdapter$1.read()Ljava/lang/Object;+11
j  org.gradle.internal.remote.internal.inet.SocketConnection.receive()Ljava/lang/Object;+4
j  org.gradle.launcher.daemon.client.DaemonClientConnection.receive()Lorg/gradle/launcher/daemon/protocol/Message;+4
j  org.gradle.launcher.daemon.client.DaemonClient.monitorBuild(Lorg/gradle/launcher/daemon/protocol/Build;Lorg/gradle/launcher/daemon/diagnostics/DaemonDiagnostics;Lorg/gradle/launcher/daemon/client/DaemonClientConnection;Lorg/gradle/initialization/BuildCancellationToken;Lorg/gradle/initialization/BuildEventConsumer;)Ljava/lang/Object;+39
j  org.gradle.launcher.daemon.client.DaemonClient.executeBuild(Lorg/gradle/launcher/daemon/protocol/Build;Lorg/gradle/launcher/daemon/client/DaemonClientConnection;Lorg/gradle/initialization/BuildCancellationToken;Lorg/gradle/initialization/BuildEventConsumer;)Lorg/gradle/launcher/exec/BuildActionResult;+128
j  org.gradle.launcher.daemon.client.DaemonClient.execute(Lorg/gradle/internal/invocation/BuildAction;Lorg/gradle/launcher/exec/BuildActionParameters;Lorg/gradle/internal/daemon/client/execution/ClientBuildRequestContext;)Lorg/gradle/launcher/exec/BuildActionResult;+129
j  org.gradle.launcher.daemon.client.DaemonClient.execute(Lorg/gradle/internal/invocation/BuildAction;Ljava/lang/Object;Ljava/lang/Object;)Lorg/gradle/launcher/exec/BuildActionResult;+10
j  org.gradle.launcher.cli.RunBuildAction.run()V+67
j  org.gradle.internal.Actions$RunnableActionAdapter.execute(Ljava/lang/Object;)V+4
j  org.gradle.launcher.cli.DefaultCommandLineActionFactory$ParseAndBuildAction.execute(Lorg/gradle/launcher/bootstrap/ExecutionListener;)V+125
j  org.gradle.launcher.cli.DefaultCommandLineActionFactory$ParseAndBuildAction.execute(Ljava/lang/Object;)V+5
j  org.gradle.launcher.cli.DebugLoggerWarningAction.execute(Lorg/gradle/launcher/bootstrap/ExecutionListener;)V+9
j  org.gradle.launcher.cli.DebugLoggerWarningAction.execute(Ljava/lang/Object;)V+5
j  org.gradle.launcher.cli.WelcomeMessageAction.execute(Lorg/gradle/launcher/bootstrap/ExecutionListener;)V+218
j  org.gradle.launcher.cli.WelcomeMessageAction.execute(Ljava/lang/Object;)V+5
j  org.gradle.launcher.cli.NativeServicesInitializingAction.execute(Lorg/gradle/launcher/bootstrap/ExecutionListener;)V+38
j  org.gradle.launcher.cli.NativeServicesInitializingAction.execute(Ljava/lang/Object;)V+5
j  org.gradle.launcher.cli.ExceptionReportingAction.execute(Lorg/gradle/launcher/bootstrap/ExecutionListener;)V+5
j  org.gradle.launcher.cli.ExceptionReportingAction.execute(Ljava/lang/Object;)V+5
j  org.gradle.launcher.cli.DefaultCommandLineActionFactory$WithLogging.execute(Lorg/gradle/launcher/bootstrap/ExecutionListener;)V+309
j  org.gradle.launcher.Main.doAction([Ljava/lang/String;Lorg/gradle/launcher/bootstrap/ExecutionListener;)V+14
j  org.gradle.launcher.bootstrap.EntryPoint.run([Ljava/lang/String;)V+12
j  java.lang.invoke.DirectMethodHandle$Holder.invokeVirtual(Ljava/lang/Object;Ljava/lang/Object;Ljava/lang/Object;)V+11 java.base@21.0.3
j  java.lang.invoke.LambdaForm$MH+0x00000008000d2800.invoke(Ljava/lang/Object;Ljava/lang/Object;Ljava/lang/Object;)Ljava/lang/Object;+52 java.base@21.0.3
j  java.lang.invoke.Invokers$Holder.invokeExact_MT(Ljava/lang/Object;Ljava/lang/Object;Ljava/lang/Object;Ljava/lang/Object;)Ljava/lang/Object;+20 java.base@21.0.3
j  jdk.internal.reflect.DirectMethodHandleAccessor.invokeImpl(Ljava/lang/Object;[Ljava/lang/Object;)Ljava/lang/Object;+55 java.base@21.0.3
j  jdk.internal.reflect.DirectMethodHandleAccessor.invoke(Ljava/lang/Object;[Ljava/lang/Object;)Ljava/lang/Object;+23 java.base@21.0.3
j  java.lang.reflect.Method.invoke(Ljava/lang/Object;[Ljava/lang/Object;)Ljava/lang/Object;+102 java.base@21.0.3
j  org.gradle.launcher.bootstrap.ProcessBootstrap.runNoExit(Ljava/lang/String;[Ljava/lang/String;)V+155
j  org.gradle.launcher.bootstrap.ProcessBootstrap.run(Ljava/lang/String;[Ljava/lang/String;)V+2
j  org.gradle.launcher.GradleMain.main([Ljava/lang/String;)V+61
j  java.lang.invoke.LambdaForm$DMH+0x00000008000c2400.invokeStatic(Ljava/lang/Object;Ljava/lang/Object;)V+10 java.base@21.0.3
j  java.lang.invoke.LambdaForm$MH+0x00000008000c8000.invoke(Ljava/lang/Object;Ljava/lang/Object;Ljava/lang/Object;)Ljava/lang/Object;+33 java.base@21.0.3
j  java.lang.invoke.Invokers$Holder.invokeExact_MT(Ljava/lang/Object;Ljava/lang/Object;Ljava/lang/Object;Ljava/lang/Object;)Ljava/lang/Object;+20 java.base@21.0.3
j  jdk.internal.reflect.DirectMethodHandleAccessor.invokeImpl(Ljava/lang/Object;[Ljava/lang/Object;)Ljava/lang/Object;+55 java.base@21.0.3
j  jdk.internal.reflect.DirectMethodHandleAccessor.invoke(Ljava/lang/Object;[Ljava/lang/Object;)Ljava/lang/Object;+23 java.base@21.0.3
j  java.lang.reflect.Method.invoke(Ljava/lang/Object;[Ljava/lang/Object;)Ljava/lang/Object;+102 java.base@21.0.3
j  org.gradle.wrapper.BootstrapMainStarter.start([Ljava/lang/String;Ljava/io/File;)V+82
j  org.gradle.wrapper.WrapperExecutor.execute([Ljava/lang/String;Lorg/gradle/wrapper/Install;Lorg/gradle/wrapper/BootstrapMainStarter;)V+14
j  org.gradle.wrapper.GradleWrapperMain.main([Ljava/lang/String;)V+190
v  ~StubRoutines::call_stub 0x000001c9f223100d
new  187 new  [0x000001c9f224a800, 0x000001c9f224aa08]  520 bytes
[MachCode]
  0x000001c9f224a800: 4883 ec08 | c5fa 1104 | 24eb 1f48 | 83ec 10c5 | fb11 0424 | eb14 4883 | ec10 4889 | 0424 48c7 
  0x000001c9f224a820: 4424 0800 | 0000 00eb | 0150 410f | b755 010f | cac1 ea10 | 488b 4de8 | 488b 4908 | 488b 4908 
  0x000001c9f224a840: 488b 4108 | 807c 1004 | 070f 85d3 | 0000 0066 | 8b54 d148 | 488b 4928 | 488b 4cd1 | 0851 80b9 
  0x000001c9f224a860: 4001 0000 | 050f 85b6 | 0000 008b | 5108 f6c2 | 010f 85aa | 0000 0049 | 8b87 b801 | 0000 488d 
  0x000001c9f224a880: 1c10 493b | 9fc8 0100 | 000f 8792 | 0000 0049 | 899f b801 | 0000 4883 | ea10 0f84 | 0f00 0000 
  0x000001c9f224a8a0: 33c9 c1ea | 0348 894c | d008 48ff | ca75 f648 | c700 0100 | 0000 5933 | f689 700c | 49ba 0000 
  0x000001c9f224a8c0: 0000 0800 | 0000 492b | ca89 4808 | 49ba 0196 | 83c9 fa7f | 0000 4180 | 3a00 0f84 | 3c00 0000 
  0x000001c9f224a8e0: 5048 8bc8 | 4883 ec20 | 40f6 c40f | 0f84 1900 | 0000 4883 | ec08 48b8 | b01d 3ec9 | fa7f 0000 
  0x000001c9f224a900: ffd0 4883 | c408 e90c | 0000 0048 | b8b0 1d3e | c9fa 7f00 | 00ff d048 | 83c4 2058 | e9cb 0000 
  0x000001c9f224a920: 0059 488b | 55e8 488b | 5208 488b | 5208 450f | b745 0141 | 0fc8 41c1 | e810 e805 | 0000 00e9 
  0x000001c9f224a940: a800 0000 | 488d 4424 | 084c 896d | c049 8bcf | c5f8 7749 | 89af a803 | 0000 4989 | 8798 0300 
  0x000001c9f224a960: 0048 83ec | 2040 f6c4 | 0f0f 8419 | 0000 0048 | 83ec 0848 | b800 0d08 | c9fa 7f00 | 00ff d048 
  0x000001c9f224a980: 83c4 08e9 | 0c00 0000 | 48b8 000d | 08c9 fa7f | 0000 ffd0 | 4883 c420 | 49c7 8798 | 0300 0000 
  0x000001c9f224a9a0: 0000 0049 | c787 a803 | 0000 0000 | 0000 49c7 | 87a0 0300 | 0000 0000 | 00c5 f877 | 4983 7f08 
  0x000001c9f224a9c0: 000f 8405 | 0000 00e9 | 3465 feff | 498b 87f0 | 0300 0049 | c787 f003 | 0000 0000 | 0000 4c8b 
  0x000001c9f224a9e0: 6dc0 4c8b | 75c8 4e8d | 74f5 00c3 | 410f b65d | 0349 83c5 | 0349 baf0 | 5a86 c9fa | 7f00 0041 
  0x000001c9f224aa00: ff24 da0f | 1f44 0000 
[/MachCode]

---------------  P R O C E S S  ---------------

Threads class SMR info:
_java_thread_list=0x000001c986a3d740, length=12, elements={
0x000001c9e7bb3750, 0x000001c9ff22be50, 0x000001c9ff22c780, 0x000001c9ff458810,
0x000001c9ff459680, 0x000001c9ff45a0e0, 0x000001c9ff45ab40, 0x000001c9ff45b8d0,
0x000001c9ff45cf20, 0x000001c9ff605100, 0x000001c9ff60d9a0, 0x000001c986a7b380
}

Java Threads: ( => current thread )
=>0x000001c9e7bb3750 JavaThread "main"                              [_thread_in_vm, id=1088, stack(0x000000023a800000,0x000000023a900000) (1024K)]
  0x000001c9ff22be50 JavaThread "Reference Handler"          daemon [_thread_blocked, id=5688, stack(0x000000023b000000,0x000000023b100000) (1024K)]
  0x000001c9ff22c780 JavaThread "Finalizer"                  daemon [_thread_blocked, id=9860, stack(0x000000023b100000,0x000000023b200000) (1024K)]
  0x000001c9ff458810 JavaThread "Signal Dispatcher"          daemon [_thread_blocked, id=9228, stack(0x000000023b200000,0x000000023b300000) (1024K)]
  0x000001c9ff459680 JavaThread "Attach Listener"            daemon [_thread_blocked, id=7440, stack(0x000000023b300000,0x000000023b400000) (1024K)]
  0x000001c9ff45a0e0 JavaThread "Service Thread"             daemon [_thread_blocked, id=2512, stack(0x000000023b400000,0x000000023b500000) (1024K)]
  0x000001c9ff45ab40 JavaThread "Monitor Deflation Thread"   daemon [_thread_blocked, id=7156, stack(0x000000023b500000,0x000000023b600000) (1024K)]
  0x000001c9ff45b8d0 JavaThread "C2 CompilerThread0"         daemon [_thread_blocked, id=2436, stack(0x000000023b600000,0x000000023b700000) (1024K)]
  0x000001c9ff45cf20 JavaThread "C1 CompilerThread0"         daemon [_thread_blocked, id=1224, stack(0x000000023b700000,0x000000023b800000) (1024K)]
  0x000001c9ff605100 JavaThread "Notification Thread"        daemon [_thread_blocked, id=9956, stack(0x000000023b800000,0x000000023b900000) (1024K)]
  0x000001c9ff60d9a0 JavaThread "Common-Cleaner"             daemon [_thread_blocked, id=8744, stack(0x000000023b900000,0x000000023ba00000) (1024K)]
  0x000001c986a7b380 JavaThread "pool-1-thread-1"                   [_thread_blocked, id=7740, stack(0x000000023bd00000,0x000000023be00000) (1024K)]
Total: 12

Other Threads:
  0x000001c9ff1d9ef0 VMThread "VM Thread"                           [id=10384, stack(0x000000023af00000,0x000000023b000000) (1024K)]
  0x000001c9e7c71140 WatcherThread "VM Periodic Task Thread"        [id=10436, stack(0x000000023ae00000,0x000000023af00000) (1024K)]
  0x000001c9e7c152a0 WorkerThread "GC Thread#0"                     [id=4948, stack(0x000000023a900000,0x000000023aa00000) (1024K)]
  0x000001c9ff838460 WorkerThread "GC Thread#1"                     [id=6468, stack(0x000000023ba00000,0x000000023bb00000) (1024K)]
  0x000001c986045830 WorkerThread "GC Thread#2"                     [id=6952, stack(0x000000023bb00000,0x000000023bc00000) (1024K)]
  0x000001c9860ad0d0 WorkerThread "GC Thread#3"                     [id=9500, stack(0x000000023bc00000,0x000000023bd00000) (1024K)]
  0x000001c9e7c26090 ConcurrentGCThread "G1 Main Marker"            [id=5244, stack(0x000000023aa00000,0x000000023ab00000) (1024K)]
  0x000001c9e7c269a0 WorkerThread "G1 Conc#0"                       [id=11160, stack(0x000000023ab00000,0x000000023ac00000) (1024K)]
  0x000001c9e7c62120 ConcurrentGCThread "G1 Refine#0"               [id=332, stack(0x000000023ac00000,0x000000023ad00000) (1024K)]
  0x000001c9e7c62b90 ConcurrentGCThread "G1 Service"                [id=6964, stack(0x000000023ad00000,0x000000023ae00000) (1024K)]
Total: 10

Threads with active compile tasks:
Total: 0

VM state: not at safepoint (normal execution)

VM Mutex/Monitor currently owned by a thread:  ([mutex/lock_event])
[0x00007ffac984fec8] Metaspace_lock - owner thread: 0x000001c9e7bb3750

Heap address: 0x0000000700000000, size: 4096 MB, Compressed Oops mode: Zero based, Oop shift amount: 3

CDS archive(s) not mapped
Compressed class space mapped at: 0x0000000800000000-0x0000000840000000, reserved size: 1073741824
Narrow klass base: 0x0000000800000000, Narrow klass shift: 0, Narrow klass range: 0x40000000

GC Precious Log:
 CardTable entry size: 512
 Card Set container configuration: InlinePtr #cards 4 size 8 Array Of Cards #cards 16 size 48 Howl #buckets 8 coarsen threshold 3686 Howl Bitmap #cards 512 size 80 coarsen threshold 460 Card regions per heap region 1 cards per card region 4096
 CPUs: 4 total, 4 available
 Memory: 3991M
 Large Page Support: Disabled
 NUMA Support: Disabled
 Compressed Oops: Enabled (Zero based)
 Heap Region Size: 2M
 Heap Min Capacity: 8M
 Heap Initial Capacity: 64M
 Heap Max Capacity: 4G
 Pre-touch: Disabled
 Parallel Workers: 4
 Concurrent Workers: 1
 Concurrent Refinement Workers: 4
 Periodic GC: Disabled

Heap:
 garbage-first heap   total 65536K, used 29413K [0x0000000700000000, 0x0000000800000000)
  region size 2048K, 12 young (24576K), 2 survivors (4096K)
 Metaspace       used 17757K, committed 17984K, reserved 1114112K
  class space    used 2081K, committed 2176K, reserved 1048576K

Heap Regions: E=young(eden), S=young(survivor), O=old, HS=humongous(starts), HC=humongous(continues), CS=collection set, F=free, TAMS=top-at-mark-start, PB=parsable bottom
|   0|0x0000000700000000, 0x0000000700200000, 0x0000000700200000|100%|HS|  |TAMS 0x0000000700000000| PB 0x0000000700000000| Complete 
|   1|0x0000000700200000, 0x0000000700400000, 0x0000000700400000|100%|HC|  |TAMS 0x0000000700200000| PB 0x0000000700200000| Complete 
|   2|0x0000000700400000, 0x0000000700600000, 0x0000000700600000|100%| O|  |TAMS 0x0000000700400000| PB 0x0000000700400000| Untracked 
|   3|0x0000000700600000, 0x00000007006b9700, 0x0000000700800000| 36%| O|  |TAMS 0x0000000700600000| PB 0x0000000700600000| Untracked 
|   4|0x0000000700800000, 0x0000000700800000, 0x0000000700a00000|  0%| F|  |TAMS 0x0000000700800000| PB 0x0000000700800000| Untracked 
|   5|0x0000000700a00000, 0x0000000700a00000, 0x0000000700c00000|  0%| F|  |TAMS 0x0000000700a00000| PB 0x0000000700a00000| Untracked 
|   6|0x0000000700c00000, 0x0000000700c00000, 0x0000000700e00000|  0%| F|  |TAMS 0x0000000700c00000| PB 0x0000000700c00000| Untracked 
|   7|0x0000000700e00000, 0x0000000700e00000, 0x0000000701000000|  0%| F|  |TAMS 0x0000000700e00000| PB 0x0000000700e00000| Untracked 
|   8|0x0000000701000000, 0x0000000701000000, 0x0000000701200000|  0%| F|  |TAMS 0x0000000701000000| PB 0x0000000701000000| Untracked 
|   9|0x0000000701200000, 0x0000000701200000, 0x0000000701400000|  0%| F|  |TAMS 0x0000000701200000| PB 0x0000000701200000| Untracked 
|  10|0x0000000701400000, 0x0000000701400000, 0x0000000701600000|  0%| F|  |TAMS 0x0000000701400000| PB 0x0000000701400000| Untracked 
|  11|0x0000000701600000, 0x0000000701600000, 0x0000000701800000|  0%| F|  |TAMS 0x0000000701600000| PB 0x0000000701600000| Untracked 
|  12|0x0000000701800000, 0x0000000701800000, 0x0000000701a00000|  0%| F|  |TAMS 0x0000000701800000| PB 0x0000000701800000| Untracked 
|  13|0x0000000701a00000, 0x0000000701a00000, 0x0000000701c00000|  0%| F|  |TAMS 0x0000000701a00000| PB 0x0000000701a00000| Untracked 
|  14|0x0000000701c00000, 0x0000000701c00000, 0x0000000701e00000|  0%| F|  |TAMS 0x0000000701c00000| PB 0x0000000701c00000| Untracked 
|  15|0x0000000701e00000, 0x0000000701e00000, 0x0000000702000000|  0%| F|  |TAMS 0x0000000701e00000| PB 0x0000000701e00000| Untracked 
|  16|0x0000000702000000, 0x0000000702000000, 0x0000000702200000|  0%| F|  |TAMS 0x0000000702000000| PB 0x0000000702000000| Untracked 
|  17|0x0000000702200000, 0x0000000702200000, 0x0000000702400000|  0%| F|  |TAMS 0x0000000702200000| PB 0x0000000702200000| Untracked 
|  18|0x0000000702400000, 0x0000000702400000, 0x0000000702600000|  0%| F|  |TAMS 0x0000000702400000| PB 0x0000000702400000| Untracked 
|  19|0x0000000702600000, 0x0000000702600000, 0x0000000702800000|  0%| F|  |TAMS 0x0000000702600000| PB 0x0000000702600000| Untracked 
|  20|0x0000000702800000, 0x00000007029a6a28, 0x0000000702a00000| 82%| E|  |TAMS 0x0000000702800000| PB 0x0000000702800000| Complete 
|  21|0x0000000702a00000, 0x0000000702c00000, 0x0000000702c00000|100%| S|CS|TAMS 0x0000000702a00000| PB 0x0000000702a00000| Complete 
|  22|0x0000000702c00000, 0x0000000702e00000, 0x0000000702e00000|100%| S|CS|TAMS 0x0000000702c00000| PB 0x0000000702c00000| Complete 
|  23|0x0000000702e00000, 0x0000000703000000, 0x0000000703000000|100%| E|CS|TAMS 0x0000000702e00000| PB 0x0000000702e00000| Complete 
|  24|0x0000000703000000, 0x0000000703200000, 0x0000000703200000|100%| E|CS|TAMS 0x0000000703000000| PB 0x0000000703000000| Complete 
|  25|0x0000000703200000, 0x0000000703400000, 0x0000000703400000|100%| E|CS|TAMS 0x0000000703200000| PB 0x0000000703200000| Complete 
|  26|0x0000000703400000, 0x0000000703600000, 0x0000000703600000|100%| E|CS|TAMS 0x0000000703400000| PB 0x0000000703400000| Complete 
|  27|0x0000000703600000, 0x0000000703800000, 0x0000000703800000|100%| E|CS|TAMS 0x0000000703600000| PB 0x0000000703600000| Complete 
|  28|0x0000000703800000, 0x0000000703a00000, 0x0000000703a00000|100%| E|CS|TAMS 0x0000000703800000| PB 0x0000000703800000| Complete 
|  29|0x0000000703a00000, 0x0000000703c00000, 0x0000000703c00000|100%| E|CS|TAMS 0x0000000703a00000| PB 0x0000000703a00000| Complete 
|  30|0x0000000703c00000, 0x0000000703e00000, 0x0000000703e00000|100%| E|CS|TAMS 0x0000000703c00000| PB 0x0000000703c00000| Complete 
|  31|0x0000000703e00000, 0x0000000704000000, 0x0000000704000000|100%| E|CS|TAMS 0x0000000703e00000| PB 0x0000000703e00000| Complete 

Card table byte_map: [0x000001c9fa500000,0x000001c9fad00000] _byte_map_base: 0x000001c9f6d00000

Marking Bits: (CMBitMap*) 0x000001c9e7c157b0
 Bits: [0x000001c9fad00000, 0x000001c9fed00000)

Polling page: 0x000001c9e59d0000

Metaspace:

Usage:
  Non-class:     15.31 MB used.
      Class:      2.03 MB used.
       Both:     17.34 MB used.

Virtual space:
  Non-class space:       64.00 MB reserved,      15.44 MB ( 24%) committed,  1 nodes.
      Class space:        1.00 GB reserved,       2.12 MB ( <1%) committed,  1 nodes.
             Both:        1.06 GB reserved,      17.56 MB (  2%) committed. 

Chunk freelists:
   Non-Class:  368.00 KB
       Class:  13.69 MB
        Both:  14.05 MB

MaxMetaspaceSize: unlimited
CompressedClassSpaceSize: 1.00 GB
Initial GC threshold: 21.00 MB
Current GC threshold: 21.00 MB
CDS: off
 - commit_granule_bytes: 65536.
 - commit_granule_words: 8192.
 - virtual_space_node_default_size: 8388608.
 - enlarge_chunks_in_place: 1.
 - use_allocation_guard: 0.


Internal statistics:

num_allocs_failed_limit: 0.
num_arena_births: 232.
num_arena_deaths: 0.
num_vsnodes_births: 2.
num_vsnodes_deaths: 0.
num_space_committed: 281.
num_space_uncommitted: 0.
num_chunks_returned_to_freelist: 0.
num_chunks_taken_from_freelist: 535.
num_chunk_merges: 0.
num_chunk_splits: 343.
num_chunks_enlarged: 254.
num_inconsistent_stats: 0.

CodeHeap 'non-profiled nmethods': size=120000Kb used=633Kb max_used=633Kb free=119367Kb
 bounds [0x000001c9f27d0000, 0x000001c9f2a40000, 0x000001c9f9d00000]
CodeHeap 'profiled nmethods': size=120000Kb used=2891Kb max_used=2891Kb free=117108Kb
 bounds [0x000001c9ead00000, 0x000001c9eafe0000, 0x000001c9f2230000]
CodeHeap 'non-nmethods': size=5760Kb used=1366Kb max_used=1386Kb free=4393Kb
 bounds [0x000001c9f2230000, 0x000001c9f24a0000, 0x000001c9f27d0000]
 total_blobs=2024 nmethods=1535 adapters=394
 compilation: enabled
              stopped_count=0, restarted_count=0
 full_count=0

Compilation events (20 events):
Event: 28.955 Thread 0x000001c9ff45cf20 1526       3       org.gradle.internal.logging.sink.GroupingProgressLogEventGenerator::onOutput (108 bytes)
Event: 28.956 Thread 0x000001c9ff45cf20 nmethod 1526 0x000001c9eafcde10 code [0x000001c9eafce100, 0x000001c9eafcf2e8]
Event: 28.956 Thread 0x000001c9ff45cf20 1527       3       java.util.concurrent.ScheduledThreadPoolExecutor$DelayedWorkQueue::add (9 bytes)
Event: 28.957 Thread 0x000001c9ff45cf20 nmethod 1527 0x000001c9eafcf590 code [0x000001c9eafcf760, 0x000001c9eafcfa38]
Event: 29.064 Thread 0x000001c9ff45cf20 1528       3       java.util.concurrent.locks.AbstractQueuedSynchronizer$ConditionObject::unlinkCancelledWaiters (91 bytes)
Event: 29.065 Thread 0x000001c9ff45cf20 nmethod 1528 0x000001c9eafcfb10 code [0x000001c9eafcfce0, 0x000001c9eafd0198]
Event: 29.065 Thread 0x000001c9ff45cf20 1529       3       java.util.concurrent.ScheduledThreadPoolExecutor$DelayedWorkQueue::finishPoll (43 bytes)
Event: 29.065 Thread 0x000001c9ff45cf20 nmethod 1529 0x000001c9eafd0310 code [0x000001c9eafd0500, 0x000001c9eafd0ae0]
Event: 29.065 Thread 0x000001c9ff45cf20 1530       3       java.util.concurrent.ThreadPoolExecutor$Worker::lock (6 bytes)
Event: 29.065 Thread 0x000001c9ff45cf20 nmethod 1530 0x000001c9eafd0c90 code [0x000001c9eafd0e40, 0x000001c9eafd0f80]
Event: 30.665 Thread 0x000001c9ff45cf20 1531       3       java.util.concurrent.locks.AbstractQueuedSynchronizer$Node::getAndUnsetStatus (14 bytes)
Event: 30.666 Thread 0x000001c9ff45cf20 nmethod 1531 0x000001c9eafd1010 code [0x000001c9eafd11e0, 0x000001c9eafd14c8]
Event: 31.261 Thread 0x000001c9ff45cf20 1532       3       org.gradle.internal.logging.console.ThrottlingOutputEventListener::renderNow (40 bytes)
Event: 31.262 Thread 0x000001c9ff45cf20 nmethod 1532 0x000001c9eafd1610 code [0x000001c9eafd1800, 0x000001c9eafd1d28]
Event: 33.276 Thread 0x000001c9ff45cf20 1533       3       jdk.internal.reflect.ReflectionFactory::copyMethod (11 bytes)
Event: 33.277 Thread 0x000001c9ff45cf20 nmethod 1533 0x000001c9eafd1e90 code [0x000001c9eafd2040, 0x000001c9eafd2238]
Event: 33.277 Thread 0x000001c9ff45cf20 1534       3       java.lang.reflect.ReflectAccess::copyMethod (5 bytes)
Event: 33.277 Thread 0x000001c9ff45cf20 nmethod 1534 0x000001c9eafd2390 code [0x000001c9eafd2540, 0x000001c9eafd2680]
Event: 33.277 Thread 0x000001c9ff45cf20 1535       3       java.lang.reflect.Method::copy (84 bytes)
Event: 33.279 Thread 0x000001c9ff45cf20 nmethod 1535 0x000001c9eafd2790 code [0x000001c9eafd2960, 0x000001c9eafd2db0]

GC Heap History (4 events):
Event: 1.920 GC heap before
{Heap before GC invocations=0 (full 0):
 garbage-first heap   total 65536K, used 12288K [0x0000000700000000, 0x0000000800000000)
  region size 2048K, 6 young (12288K), 0 survivors (0K)
 Metaspace       used 8370K, committed 8576K, reserved 1114112K
  class space    used 752K, committed 896K, reserved 1048576K
}
Event: 1.928 GC heap after
{Heap after GC invocations=1 (full 0):
 garbage-first heap   total 65536K, used 1536K [0x0000000700000000, 0x0000000800000000)
  region size 2048K, 1 young (2048K), 1 survivors (2048K)
 Metaspace       used 8370K, committed 8576K, reserved 1114112K
  class space    used 752K, committed 896K, reserved 1048576K
}
Event: 3.129 GC heap before
{Heap before GC invocations=1 (full 0):
 garbage-first heap   total 65536K, used 19968K [0x0000000700000000, 0x0000000800000000)
  region size 2048K, 9 young (18432K), 1 survivors (2048K)
 Metaspace       used 10836K, committed 11008K, reserved 1114112K
  class space    used 1096K, committed 1216K, reserved 1048576K
}
Event: 3.142 GC heap after
{Heap after GC invocations=2 (full 0):
 garbage-first heap   total 65536K, used 10981K [0x0000000700000000, 0x0000000800000000)
  region size 2048K, 2 young (4096K), 2 survivors (4096K)
 Metaspace       used 10836K, committed 11008K, reserved 1114112K
  class space    used 1096K, committed 1216K, reserved 1048576K
}

Dll operation events (3 events):
Event: 0.027 Loaded shared library C:\Program Files\Android\Android Studio\jbr\bin\java.dll
Event: 0.084 Loaded shared library C:\Program Files\Android\Android Studio\jbr\bin\zip.dll
Event: 0.739 Loaded shared library C:\Program Files\Android\Android Studio\jbr\bin\verify.dll

Deoptimization events (20 events):
Event: 4.436 Thread 0x000001c9e7bb3750 DEOPT PACKING pc=0x000001c9f2833a5c sp=0x000000023a8fdf60
Event: 4.436 Thread 0x000001c9e7bb3750 DEOPT UNPACKING pc=0x000001c9f22846a2 sp=0x000000023a8fdf28 mode 2
Event: 4.546 Thread 0x000001c9e7bb3750 DEOPT PACKING pc=0x000001c9eae4f88b sp=0x000000023a8fcaa0
Event: 4.546 Thread 0x000001c9e7bb3750 DEOPT UNPACKING pc=0x000001c9f2284e42 sp=0x000000023a8fbfa8 mode 0
Event: 5.111 Thread 0x000001c9e7bb3750 Uncommon trap: trap_request=0xffffff45 fr.pc=0x000001c9f285c7d8 relative=0x00000000000006f8
Event: 5.111 Thread 0x000001c9e7bb3750 Uncommon trap: reason=unstable_if action=reinterpret pc=0x000001c9f285c7d8 method=java.lang.AbstractStringBuilder.append(Ljava/lang/String;)Ljava/lang/AbstractStringBuilder; @ 1 c2
Event: 5.111 Thread 0x000001c9e7bb3750 DEOPT PACKING pc=0x000001c9f285c7d8 sp=0x000000023a8fdc00
Event: 5.111 Thread 0x000001c9e7bb3750 DEOPT UNPACKING pc=0x000001c9f22846a2 sp=0x000000023a8fdb90 mode 2
Event: 5.141 Thread 0x000001c9e7bb3750 Uncommon trap: trap_request=0xffffff45 fr.pc=0x000001c9f27f8838 relative=0x0000000000000b58
Event: 5.141 Thread 0x000001c9e7bb3750 Uncommon trap: reason=unstable_if action=reinterpret pc=0x000001c9f27f8838 method=java.util.Properties$LineReader.readLine()I @ 209 c2
Event: 5.141 Thread 0x000001c9e7bb3750 DEOPT PACKING pc=0x000001c9f27f8838 sp=0x000000023a8fbbf0
Event: 5.141 Thread 0x000001c9e7bb3750 DEOPT UNPACKING pc=0x000001c9f22846a2 sp=0x000000023a8fbb88 mode 2
Event: 5.141 Thread 0x000001c9e7bb3750 Uncommon trap: trap_request=0xffffff45 fr.pc=0x000001c9f282d084 relative=0x0000000000000e64
Event: 5.141 Thread 0x000001c9e7bb3750 Uncommon trap: reason=unstable_if action=reinterpret pc=0x000001c9f282d084 method=java.util.Properties$LineReader.readLine()I @ 189 c2
Event: 5.141 Thread 0x000001c9e7bb3750 DEOPT PACKING pc=0x000001c9f282d084 sp=0x000000023a8fbbe0
Event: 5.141 Thread 0x000001c9e7bb3750 DEOPT UNPACKING pc=0x000001c9f22846a2 sp=0x000000023a8fbb88 mode 2
Event: 5.277 Thread 0x000001c9e7bb3750 Uncommon trap: trap_request=0xffffff45 fr.pc=0x000001c9f2841a0c relative=0x000000000000080c
Event: 5.277 Thread 0x000001c9e7bb3750 Uncommon trap: reason=unstable_if action=reinterpret pc=0x000001c9f2841a0c method=java.lang.Integer.stringSize(I)I @ 19 c2
Event: 5.277 Thread 0x000001c9e7bb3750 DEOPT PACKING pc=0x000001c9f2841a0c sp=0x000000023a8fd7c0
Event: 5.278 Thread 0x000001c9e7bb3750 DEOPT UNPACKING pc=0x000001c9f22846a2 sp=0x000000023a8fd718 mode 2

Classes loaded (20 events):
Event: 5.284 Loading class sun/nio/ch/SelectionKeyImpl
Event: 5.285 Loading class java/nio/channels/spi/AbstractSelectionKey
Event: 5.285 Loading class java/nio/channels/SelectionKey
Event: 5.285 Loading class java/nio/channels/SelectionKey done
Event: 5.285 Loading class java/nio/channels/spi/AbstractSelectionKey done
Event: 5.285 Loading class sun/nio/ch/SelectionKeyImpl done
Event: 5.286 Loading class java/lang/invoke/ConstantBootstraps
Event: 5.286 Loading class java/lang/invoke/ConstantBootstraps done
Event: 5.312 Loading class java/lang/Long$LongCache
Event: 5.312 Loading class java/lang/Long$LongCache done
Event: 5.344 Loading class java/nio/channels/spi/AbstractSelector$1
Event: 5.344 Loading class java/nio/channels/spi/AbstractSelector$1 done
Event: 5.584 Loading class java/util/concurrent/Executors$AutoShutdownDelegatedExecutorService
Event: 5.584 Loading class java/util/concurrent/Executors$AutoShutdownDelegatedExecutorService done
Event: 5.585 Loading class java/io/BufferedReader
Event: 5.586 Loading class java/io/BufferedReader done
Event: 5.586 Loading class sun/nio/cs/StreamDecoder
Event: 5.586 Loading class sun/nio/cs/StreamDecoder done
Event: 5.586 Loading class sun/nio/cs/UTF_8$Decoder
Event: 5.586 Loading class sun/nio/cs/UTF_8$Decoder done

Classes unloaded (0 events):
No events

Classes redefined (0 events):
No events

Internal exceptions (20 events):
Event: 3.275 Thread 0x000001c9e7bb3750 Exception <a 'java/lang/NoSuchMethodError'{0x0000000703facd78}: 'void java.lang.invoke.DirectMethodHandle$Holder.invokeInterface(java.lang.Object, java.lang.Object, java.lang.Object)'> (0x0000000703facd78) 
thrown [s\src\hotspot\share\interpreter\linkResolver.cpp, line 784]
Event: 3.298 Thread 0x000001c9e7bb3750 Exception <a 'java/lang/NoClassDefFoundError'{0x0000000703c0bf98}: org/slf4j/impl/StaticMarkerBinder> (0x0000000703c0bf98) 
thrown [s\src\hotspot\share\classfile\systemDictionary.cpp, line 301]
Event: 3.319 Thread 0x000001c9e7bb3750 Exception <a 'java/lang/NoSuchMethodError'{0x0000000703c7e920}: 'java.lang.Object java.lang.invoke.DirectMethodHandle$Holder.invokeVirtual(java.lang.Object, java.lang.Object, java.lang.Object)'> (0x0000000703c7e920) 
thrown [s\src\hotspot\share\interpreter\linkResolver.cpp, line 784]
Event: 3.345 Thread 0x000001c9e7bb3750 Exception <a 'java/lang/NoSuchMethodError'{0x0000000703cd6a88}: 'java.lang.Object java.lang.invoke.DirectMethodHandle$Holder.invokeStatic(java.lang.Object, java.lang.Object, int)'> (0x0000000703cd6a88) 
thrown [s\src\hotspot\share\interpreter\linkResolver.cpp, line 784]
Event: 3.348 Thread 0x000001c9e7bb3750 Exception <a 'java/lang/NoSuchMethodError'{0x0000000703ce1ed8}: 'void java.lang.invoke.DelegatingMethodHandle$Holder.delegate(java.lang.Object, java.lang.Object, int, java.lang.Object)'> (0x0000000703ce1ed8) 
thrown [s\src\hotspot\share\interpreter\linkResolver.cpp, line 784]
Event: 3.349 Thread 0x000001c9e7bb3750 Exception <a 'java/lang/NoSuchMethodError'{0x0000000703ce5d48}: 'int java.lang.invoke.DirectMethodHandle$Holder.invokeSpecial(java.lang.Object, java.lang.Object, java.lang.Object)'> (0x0000000703ce5d48) 
thrown [s\src\hotspot\share\interpreter\linkResolver.cpp, line 784]
Event: 3.722 Thread 0x000001c9e7bb3750 Exception <a 'java/lang/NoSuchMethodError'{0x000000070384f550}: 'java.lang.Object java.lang.invoke.Invokers$Holder.invokeExact_MT(java.lang.Object, java.lang.Object, java.lang.Object, java.lang.Object, java.lang.Object)'> (0x000000070384f550) 
thrown [s\src\hotspot\share\interpreter\linkResolver.cpp, line 784]
Event: 3.734 Thread 0x000001c9e7bb3750 Exception <a 'java/lang/NoSuchMethodError'{0x000000070387ebd8}: 'java.lang.Object java.lang.invoke.DirectMethodHandle$Holder.invokeVirtual(java.lang.Object, java.lang.Object, java.lang.Object, java.lang.Object, java.lang.Object, java.lang.Object, java.lang.Object)'> (0x000000070387ebd8) 
thrown [s\src\hotspot\share\interpreter\linkResolver.cpp, line 784]
Event: 3.764 Thread 0x000001c9e7bb3750 Exception <a 'java/lang/NoSuchMethodError'{0x00000007038c9f20}: 'java.lang.Object java.lang.invoke.DirectMethodHandle$Holder.invokeVirtual(java.lang.Object, java.lang.Object, java.lang.Object, java.lang.Object)'> (0x00000007038c9f20) 
thrown [s\src\hotspot\share\interpreter\linkResolver.cpp, line 784]
Event: 4.039 Thread 0x000001c9e7bb3750 Exception <a 'java/lang/NoSuchMethodError'{0x000000070398b698}: 'java.lang.Object java.lang.invoke.DirectMethodHandle$Holder.invokeVirtual(java.lang.Object, java.lang.Object, java.lang.Object, java.lang.Object, java.lang.Object, java.lang.Object)'> (0x000000070398b698) 
thrown [s\src\hotspot\share\interpreter\linkResolver.cpp, line 784]
Event: 4.322 Thread 0x000001c9e7bb3750 Implicit null exception at 0x000001c9f284ba42 to 0x000001c9f284bcd8
Event: 4.323 Thread 0x000001c9e7bb3750 Implicit null exception at 0x000001c9f2822d40 to 0x000001c9f2822dc5
Event: 4.465 Thread 0x000001c9e7bb3750 Exception <a 'java/lang/NoSuchMethodError'{0x00000007034d4898}: 'int java.lang.invoke.DirectMethodHandle$Holder.invokeVirtual(java.lang.Object, java.lang.Object, java.lang.Object)'> (0x00000007034d4898) 
thrown [s\src\hotspot\share\interpreter\linkResolver.cpp, line 784]
Event: 4.619 Thread 0x000001c9e7bb3750 Exception <a 'java/lang/NoSuchMethodError'{0x00000007032756f8}: 'java.lang.Object java.lang.invoke.DirectMethodHandle$Holder.invokeVirtual(java.lang.Object, java.lang.Object, java.lang.Object, java.lang.Object, java.lang.Object)'> (0x00000007032756f8) 
thrown [s\src\hotspot\share\interpreter\linkResolver.cpp, line 784]
Event: 4.629 Thread 0x000001c9e7bb3750 Exception <a 'java/lang/NoSuchMethodError'{0x00000007032888f8}: 'java.lang.Object java.lang.invoke.Invokers$Holder.invokeExact_MT(java.lang.Object, java.lang.Object, java.lang.Object, java.lang.Object, java.lang.Object, java.lang.Object)'> (0x00000007032888f8) 
thrown [s\src\hotspot\share\interpreter\linkResolver.cpp, line 784]
Event: 4.692 Thread 0x000001c9e7bb3750 Exception <a 'java/lang/NoSuchMethodError'{0x000000070332c620}: 'java.lang.Object java.lang.invoke.DirectMethodHandle$Holder.invokeVirtual(java.lang.Object, java.lang.Object, java.lang.Object, java.lang.Object, java.lang.Object, java.lang.Object, java.lang.Object, java.lang.Object)'> (0x000000070332c620) 
thrown [s\src\hotspot\share\interpreter\linkResolver.cpp, line 784]
Event: 4.876 Thread 0x000001c9e7bb3750 Exception <a 'java/lang/NoSuchMethodError'{0x00000007031d7858}: 'java.lang.Object java.lang.invoke.DirectMethodHandle$Holder.invokeStaticInit(java.lang.Object, int, int, int, int)'> (0x00000007031d7858) 
thrown [s\src\hotspot\share\interpreter\linkResolver.cpp, line 784]
Event: 4.993 Thread 0x000001c9e7bb3750 Exception <a 'java/lang/NoSuchMethodError'{0x0000000702e02ca8}: 'java.lang.Object java.lang.invoke.DirectMethodHandle$Holder.invokeStaticInit(java.lang.Object, java.lang.Object, int, int, int, int)'> (0x0000000702e02ca8) 
thrown [s\src\hotspot\share\interpreter\linkResolver.cpp, line 784]
Event: 5.052 Thread 0x000001c9e7bb3750 Exception <a 'java/lang/NoSuchMethodError'{0x0000000702e2b7c0}: 'void java.lang.invoke.DirectMethodHandle$Holder.invokeStatic(java.lang.Object, java.lang.Object, java.lang.Object)'> (0x0000000702e2b7c0) 
thrown [s\src\hotspot\share\interpreter\linkResolver.cpp, line 784]
Event: 5.111 Thread 0x000001c9e7bb3750 Implicit null exception at 0x000001c9f285c124 to 0x000001c9f285c7c0

ZGC Phase Switch (0 events):
No events

VM Operations (20 events):
Event: 3.672 Executing VM operation: HandshakeAllThreads (Deoptimize)
Event: 3.673 Executing VM operation: HandshakeAllThreads (Deoptimize) done
Event: 3.727 Executing VM operation: HandshakeAllThreads (Deoptimize)
Event: 3.727 Executing VM operation: HandshakeAllThreads (Deoptimize) done
Event: 4.437 Executing VM operation: HandshakeAllThreads (Deoptimize)
Event: 4.437 Executing VM operation: HandshakeAllThreads (Deoptimize) done
Event: 4.437 Executing VM operation: Cleanup
Event: 4.437 Executing VM operation: Cleanup done
Event: 4.949 Executing VM operation: HandshakeAllThreads (Deoptimize)
Event: 4.949 Executing VM operation: HandshakeAllThreads (Deoptimize) done
Event: 5.196 Executing VM operation: HandshakeAllThreads (Deoptimize)
Event: 5.196 Executing VM operation: HandshakeAllThreads (Deoptimize) done
Event: 6.199 Executing VM operation: Cleanup
Event: 6.199 Executing VM operation: Cleanup done
Event: 19.278 Executing VM operation: Cleanup
Event: 19.278 Executing VM operation: Cleanup done
Event: 20.287 Executing VM operation: Cleanup
Event: 20.288 Executing VM operation: Cleanup done
Event: 29.345 Executing VM operation: Cleanup
Event: 29.345 Executing VM operation: Cleanup done

Events (20 events):
Event: 0.055 Thread 0x000001c9e7bb3750 Thread added: 0x000001c9e7bb3750
Event: 0.425 Thread 0x000001c9ff22be50 Thread added: 0x000001c9ff22be50
Event: 0.425 Thread 0x000001c9ff22c780 Thread added: 0x000001c9ff22c780
Event: 0.436 Thread 0x000001c9ff458810 Thread added: 0x000001c9ff458810
Event: 0.437 Thread 0x000001c9ff459680 Thread added: 0x000001c9ff459680
Event: 0.438 Thread 0x000001c9ff45a0e0 Thread added: 0x000001c9ff45a0e0
Event: 0.438 Thread 0x000001c9ff45ab40 Thread added: 0x000001c9ff45ab40
Event: 0.438 Thread 0x000001c9ff45b8d0 Thread added: 0x000001c9ff45b8d0
Event: 0.442 Thread 0x000001c9ff45cf20 Thread added: 0x000001c9ff45cf20
Event: 0.651 Thread 0x000001c9ff605100 Thread added: 0x000001c9ff605100
Event: 0.666 Thread 0x000001c9ff60d9a0 Thread added: 0x000001c9ff60d9a0
Event: 0.698 Loaded shared library C:\Program Files\Android\Android Studio\jbr\bin\net.dll
Event: 0.703 Loaded shared library C:\Program Files\Android\Android Studio\jbr\bin\nio.dll
Event: 0.721 Loaded shared library C:\Program Files\Android\Android Studio\jbr\bin\zip.dll
Event: 0.885 Loaded shared library C:\Program Files\Android\Android Studio\jbr\bin\jimage.dll
Event: 3.388 Loaded shared library C:\Users\Hp\.gradle\native\c067742578af261105cb4f569cf0c3c89f3d7b1fecec35dd04571415982c5e48\windows-amd64\native-platform.dll
Event: 3.455 Thread 0x000001c986a7b380 Thread added: 0x000001c986a7b380
Event: 4.383 Loaded shared library C:\Program Files\Android\Android Studio\jbr\bin\management.dll
Event: 4.393 Loaded shared library C:\Program Files\Android\Android Studio\jbr\bin\management_ext.dll
Event: 5.048 Loaded shared library C:\Program Files\Android\Android Studio\jbr\bin\extnet.dll


Dynamic libraries:
0x00007ff651f30000 - 0x00007ff651f3a000 	C:\Program Files\Android\Android Studio\jbr\bin\java.exe
0x00007ffb1efb0000 - 0x00007ffb1f1a8000 	C:\WINDOWS\SYSTEM32\ntdll.dll
0x00007ffb1ee40000 - 0x00007ffb1ef02000 	C:\WINDOWS\System32\KERNEL32.DLL
0x00007ffb1cb00000 - 0x00007ffb1cdfe000 	C:\WINDOWS\System32\KERNELBASE.dll
0x00007ffb1c8b0000 - 0x00007ffb1c9b0000 	C:\WINDOWS\System32\ucrtbase.dll
0x00007ffb16240000 - 0x00007ffb16258000 	C:\Program Files\Android\Android Studio\jbr\bin\jli.dll
0x00007ffb1d100000 - 0x00007ffb1d29d000 	C:\WINDOWS\System32\USER32.dll
0x00007ffb1c880000 - 0x00007ffb1c8a2000 	C:\WINDOWS\System32\win32u.dll
0x00007ffb1e2b0000 - 0x00007ffb1e2db000 	C:\WINDOWS\System32\GDI32.dll
0x00007ffb1c650000 - 0x00007ffb1c767000 	C:\WINDOWS\System32\gdi32full.dll
0x00007ffb1ca60000 - 0x00007ffb1cafd000 	C:\WINDOWS\System32\msvcp_win.dll
0x00007ffb17220000 - 0x00007ffb1723b000 	C:\Program Files\Android\Android Studio\jbr\bin\VCRUNTIME140.dll
0x00007ffb08400000 - 0x00007ffb0869a000 	C:\WINDOWS\WinSxS\amd64_microsoft.windows.common-controls_6595b64144ccf1df_6.0.19041.4355_none_60b8b9eb71f62e16\COMCTL32.dll
0x00007ffb1e210000 - 0x00007ffb1e2ae000 	C:\WINDOWS\System32\msvcrt.dll
0x00007ffb1ed00000 - 0x00007ffb1ed2f000 	C:\WINDOWS\System32\IMM32.DLL
0x00007ffb17210000 - 0x00007ffb1721c000 	C:\Program Files\Android\Android Studio\jbr\bin\vcruntime140_1.dll
0x00007ffafbd50000 - 0x00007ffafbddd000 	C:\Program Files\Android\Android Studio\jbr\bin\msvcp140.dll
0x00007ffac8cb0000 - 0x00007ffac992d000 	C:\Program Files\Android\Android Studio\jbr\bin\server\jvm.dll
0x00007ffb1e410000 - 0x00007ffb1e4c1000 	C:\WINDOWS\System32\ADVAPI32.dll
0x00007ffb1eda0000 - 0x00007ffb1ee3f000 	C:\WINDOWS\System32\sechost.dll
0x00007ffb1da90000 - 0x00007ffb1dbb3000 	C:\WINDOWS\System32\RPCRT4.dll
0x00007ffb1c7c0000 - 0x00007ffb1c7e7000 	C:\WINDOWS\System32\bcrypt.dll
0x00007ffb1ed30000 - 0x00007ffb1ed9b000 	C:\WINDOWS\System32\WS2_32.dll
0x00007ffb1c4b0000 - 0x00007ffb1c4fb000 	C:\WINDOWS\SYSTEM32\POWRPROF.dll
0x00007ffafd920000 - 0x00007ffafd947000 	C:\WINDOWS\SYSTEM32\WINMM.dll
0x00007ffb0e140000 - 0x00007ffb0e14a000 	C:\WINDOWS\SYSTEM32\VERSION.dll
0x00007ffb1c490000 - 0x00007ffb1c4a2000 	C:\WINDOWS\SYSTEM32\UMPDC.dll
0x00007ffb1a4d0000 - 0x00007ffb1a4e2000 	C:\WINDOWS\SYSTEM32\kernel.appcore.dll
0x00007ffb16de0000 - 0x00007ffb16dea000 	C:\Program Files\Android\Android Studio\jbr\bin\jimage.dll
0x00007ffafc260000 - 0x00007ffafc444000 	C:\WINDOWS\SYSTEM32\DBGHELP.DLL
0x00007ffafc220000 - 0x00007ffafc254000 	C:\WINDOWS\SYSTEM32\dbgcore.DLL
0x00007ffb1c7f0000 - 0x00007ffb1c872000 	C:\WINDOWS\System32\bcryptPrimitives.dll
0x00007ffb16dc0000 - 0x00007ffb16ddf000 	C:\Program Files\Android\Android Studio\jbr\bin\java.dll
0x00007ffb16d50000 - 0x00007ffb16d68000 	C:\Program Files\Android\Android Studio\jbr\bin\zip.dll
0x00007ffb1d320000 - 0x00007ffb1da8d000 	C:\WINDOWS\System32\SHELL32.dll
0x00007ffb1a6d0000 - 0x00007ffb1ae73000 	C:\WINDOWS\SYSTEM32\windows.storage.dll
0x00007ffb1de30000 - 0x00007ffb1e183000 	C:\WINDOWS\System32\combase.dll
0x00007ffb1bfb0000 - 0x00007ffb1bfde000 	C:\WINDOWS\SYSTEM32\Wldp.dll
0x00007ffb1dc50000 - 0x00007ffb1dd1d000 	C:\WINDOWS\System32\OLEAUT32.dll
0x00007ffb1dd80000 - 0x00007ffb1de2d000 	C:\WINDOWS\System32\SHCORE.dll
0x00007ffb1d2a0000 - 0x00007ffb1d2f5000 	C:\WINDOWS\System32\shlwapi.dll
0x00007ffb1c580000 - 0x00007ffb1c5a4000 	C:\WINDOWS\SYSTEM32\profapi.dll
0x00007ffb16d40000 - 0x00007ffb16d50000 	C:\Program Files\Android\Android Studio\jbr\bin\net.dll
0x00007ffb0df30000 - 0x00007ffb0e03d000 	C:\WINDOWS\SYSTEM32\WINHTTP.dll
0x00007ffb1bd10000 - 0x00007ffb1bd7a000 	C:\WINDOWS\system32\mswsock.dll
0x00007ffb16200000 - 0x00007ffb16216000 	C:\Program Files\Android\Android Studio\jbr\bin\nio.dll
0x00007ffb13260000 - 0x00007ffb13270000 	C:\Program Files\Android\Android Studio\jbr\bin\verify.dll
0x00007ffb0d5a0000 - 0x00007ffb0d5c7000 	C:\Users\Hp\.gradle\native\c067742578af261105cb4f569cf0c3c89f3d7b1fecec35dd04571415982c5e48\windows-amd64\native-platform.dll
0x00007ffb15de0000 - 0x00007ffb15de9000 	C:\Program Files\Android\Android Studio\jbr\bin\management.dll
0x00007ffb15dd0000 - 0x00007ffb15ddb000 	C:\Program Files\Android\Android Studio\jbr\bin\management_ext.dll
0x00007ffb1e190000 - 0x00007ffb1e198000 	C:\WINDOWS\System32\PSAPI.DLL
0x00007ffb1bf00000 - 0x00007ffb1bf18000 	C:\WINDOWS\SYSTEM32\CRYPTSP.dll
0x00007ffb1b630000 - 0x00007ffb1b664000 	C:\WINDOWS\system32\rsaenh.dll
0x00007ffb1c500000 - 0x00007ffb1c52e000 	C:\WINDOWS\SYSTEM32\USERENV.dll
0x00007ffb1bf20000 - 0x00007ffb1bf2c000 	C:\WINDOWS\SYSTEM32\CRYPTBASE.dll
0x00007ffb1b9f0000 - 0x00007ffb1ba2b000 	C:\WINDOWS\SYSTEM32\IPHLPAPI.DLL
0x00007ffb1cfd0000 - 0x00007ffb1cfd8000 	C:\WINDOWS\System32\NSI.dll
0x00007ffb16190000 - 0x00007ffb16199000 	C:\Program Files\Android\Android Studio\jbr\bin\extnet.dll
0x00007ffb16d30000 - 0x00007ffb16d37000 	C:\WINDOWS\system32\wshunix.dll

dbghelp: loaded successfully - version: 4.0.5 - missing functions: none
symbol engine: initialized successfully - sym options: 0x614 - pdb path: .;C:\Program Files\Android\Android Studio\jbr\bin;C:\WINDOWS\SYSTEM32;C:\WINDOWS\WinSxS\amd64_microsoft.windows.common-controls_6595b64144ccf1df_6.0.19041.4355_none_60b8b9eb71f62e16;C:\Program Files\Android\Android Studio\jbr\bin\server;C:\Users\Hp\.gradle\native\c067742578af261105cb4f569cf0c3c89f3d7b1fecec35dd04571415982c5e48\windows-amd64

VM Arguments:
jvm_args: -Xmx4096m -Dorg.gradle.appname=gradlew 
java_command: org.gradle.wrapper.GradleWrapperMain -q -Ptarget-platform=android-arm,android-arm64,android-x64 -Ptarget=lib\main.dart -Pbase-application-name=android.app.Application -Pdart-obfuscation=false -Ptrack-widget-creation=true -Ptree-shake-icons=true assembleRelease
java_class_path (initial): C:\Users\Hp\StudioProjects\car_shop_ms\android\\gradle\wrapper\gradle-wrapper.jar
Launcher Type: SUN_STANDARD

[Global flags]
     intx CICompilerCount                          = 3                                         {product} {ergonomic}
     uint ConcGCThreads                            = 1                                         {product} {ergonomic}
     uint G1ConcRefinementThreads                  = 4                                         {product} {ergonomic}
   size_t G1HeapRegionSize                         = 2097152                                   {product} {ergonomic}
    uintx GCDrainStackTargetSize                   = 64                                        {product} {ergonomic}
   size_t InitialHeapSize                          = 67108864                                  {product} {ergonomic}
   size_t MarkStackSize                            = 4194304                                   {product} {ergonomic}
   size_t MaxHeapSize                              = 4294967296                                {product} {command line}
   size_t MaxNewSize                               = 2575302656                                {product} {ergonomic}
   size_t MinHeapDeltaBytes                        = 2097152                                   {product} {ergonomic}
   size_t MinHeapSize                              = 8388608                                   {product} {ergonomic}
    uintx NonNMethodCodeHeapSize                   = 5832780                                {pd product} {ergonomic}
    uintx NonProfiledCodeHeapSize                  = 122912730                              {pd product} {ergonomic}
    uintx ProfiledCodeHeapSize                     = 122912730                              {pd product} {ergonomic}
    uintx ReservedCodeCacheSize                    = 251658240                              {pd product} {ergonomic}
     bool SegmentedCodeCache                       = true                                      {product} {ergonomic}
   size_t SoftMaxHeapSize                          = 4294967296                             {manageable} {ergonomic}
     bool UseCompressedOops                        = true                           {product lp64_product} {ergonomic}
     bool UseG1GC                                  = true                                      {product} {ergonomic}
     bool UseLargePagesIndividualAllocation        = false                                  {pd product} {ergonomic}

Logging:
Log output configuration:
 #0: stdout all=warning uptime,level,tags foldmultilines=false
 #1: stderr all=off uptime,level,tags foldmultilines=false

Environment Variables:
JAVA_HOME=C:\Program Files\Android\Android Studio\jbr
CLASSPATH=C:\Users\Hp\StudioProjects\car_shop_ms\android\\gradle\wrapper\gradle-wrapper.jar
PATH=C:\Program Files\Android\Android Studio\jbr\bin;C:\flutter\scr\flutter\bin;C:\Program Files\Java\jdk-23\bin;C:\Users\Hp\AppData\Local\Android\Sdk\tools\bin;C:\Program Files (x86)\Common Files\Intel\Shared Libraries\redist\intel64\compiler;C:\WINDOWS\system32;C:\WINDOWS;C:\WINDOWS\System32\Wbem;C:\WINDOWS\System32\WindowsPowerShell\v1.0\;C:\WINDOWS\System32\OpenSSH\;C:\Users\Hp\AppData\Local\Android;C:\Users\Hp\AppData\Local\Android\cmdline-tools\tools;C:\Users\Hp\AppData\Local\Android\cmdline-tools\tools\0.9\bin;C:\Users\Hp\AppData\Local\Temp\MicrosoftEdgeDownloads\dd67936a-8cfc-4cb6-8943-41bda0eede70\gradle-7.5\bin;C:\Program Files\dotnet\;C:\Program Files\Git\cmd;C:\Users\Hp\AppData\Local\Android\Sdk\platform-tools;C:\gradle-8.10.2\bin;%JAVA_FX_HOME%;C:\flutter\scr\flutter\bin;C:\Program Files\Java\jdk-23\bin;C:\Program Files (x86)\Common Files\Intel\Shared Libraries\redist\intel64\compiler;C:\WINDOWS\system32;C:\WINDOWS;C:\WINDOWS\System32\Wbem;C:\WINDOWS\System32\WindowsPowerShell\v1.0\;C:\WINDOWS\System32\OpenSSH\;C:\Users\Hp\AppData\Local\Android;C:\Users\Hp\AppData\Local\Android\cmdline-tools\tools;C:\Users\Hp\AppData\Local\Android\cmdline-tools\tools\0.9\bin;C:\Users\Hp\AppData\Local\Temp\MicrosoftEdgeDownloads\dd67936a-8cfc-4cb6-8943-41bda0eede70\gradle-7.5\bin;C:\Program Files\dotnet\;C:\Program Files\Git\cmd;C:\Program Files\MySQL\MySQL Server 8.4\bin;C:\Users\Hp\AppData\Local\Microsoft\WindowsApps;C:\sqlite3;;C:\flutter\scr\flutter\bin\mingit\cmd
USERNAME=Hp
OS=Windows_NT
PROCESSOR_IDENTIFIER=Intel64 Family 6 Model 78 Stepping 3, GenuineIntel
TMP=C:\Users\Hp\AppData\Local\Temp
TEMP=C:\Users\Hp\AppData\Local\Temp




Periodic native trim disabled

JNI global refs:
JNI global refs: 18, weak refs: 0

JNI global refs memory usage: 835, weak refs: 833

Process memory usage:
Resident Set Size: 53144K (1% of 4086832K total physical memory with 161712K free physical memory)

OOME stack traces (most recent first):
Classloader memory used:
Loader bootstrap                                                                       : 12359K
Loader org.gradle.internal.classloader.VisitableURLClassLoader                         : 4914K
Loader java.net.URLClassLoader                                                         : 228K
Loader jdk.internal.loader.ClassLoaders$AppClassLoader                                 : 146K
Loader jdk.internal.loader.ClassLoaders$PlatformClassLoader                            : 108K

Classes loaded by more than one classloader:
Class org.gradle.cli.AbstractPropertiesCommandLineConverter                           : loaded 2 times (x 80B)
Class org.gradle.cli.CommandLineParser                                                : loaded 2 times (x 76B)
Class org.gradle.internal.service.UnknownServiceException                             : loaded 2 times (x 80B)
Class org.gradle.cli.SystemPropertiesCommandLineConverter                             : loaded 2 times (x 80B)
Class org.gradle.cli.CommandLineArgumentException                                     : loaded 2 times (x 79B)
Class org.gradle.cli.CommandLineParser$KnownOptionParserState                         : loaded 2 times (x 73B)
Class org.gradle.internal.InternalTransformer                                         : loaded 2 times (x 67B)
Class org.gradle.internal.classpath.DefaultClassPath$ImmutableUniqueList              : loaded 2 times (x 196B)
Class org.gradle.cli.CommandLineParser$OptionAwareParserState                         : loaded 2 times (x 74B)
Class org.gradle.cli.ParsedCommandLine                                                : loaded 2 times (x 77B)
Class org.gradle.internal.classpath.ClassPath                                         : loaded 2 times (x 67B)
Class org.gradle.cli.CommandLineParser$UnknownOptionParserState                       : loaded 2 times (x 73B)
Class org.gradle.cli.ParsedCommandLineOption                                          : loaded 2 times (x 73B)
Class org.gradle.api.UncheckedIOException                                             : loaded 2 times (x 79B)
Class org.gradle.cli.CommandLineParser$AfterFirstSubCommand                           : loaded 2 times (x 74B)
Class org.gradle.api.internal.classpath.ModuleRegistry                                : loaded 2 times (x 67B)
Class org.gradle.internal.installation.GradleInstallation$1                           : loaded 2 times (x 72B)
Class org.gradle.cli.CommandLineOption                                                : loaded 2 times (x 83B)
Class org.gradle.cli.CommandLineParser$BeforeFirstSubCommand                          : loaded 2 times (x 74B)
Class org.gradle.internal.service.ServiceLookupException                              : loaded 2 times (x 79B)
Class org.gradle.cli.CommandLineParser$OptionParserState                              : loaded 2 times (x 72B)
Class org.gradle.internal.classloader.ClasspathUtil                                   : loaded 2 times (x 68B)
Class org.gradle.api.specs.Spec                                                       : loaded 2 times (x 67B)
Class org.gradle.internal.classpath.DefaultClassPath                                  : loaded 2 times (x 87B)
Class org.gradle.internal.Cast                                                        : loaded 2 times (x 68B)
Class org.gradle.api.Action                                                           : loaded 2 times (x 67B)
Class org.gradle.cli.AbstractCommandLineConverter                                     : loaded 2 times (x 76B)
Class org.gradle.api.GradleException                                                  : loaded 2 times (x 79B)
Class org.gradle.internal.IoActions                                                   : loaded 2 times (x 68B)
Class org.gradle.cli.CommandLineConverter                                             : loaded 2 times (x 67B)
Class org.gradle.cli.CommandLineParser$MissingOptionArgState                          : loaded 2 times (x 74B)
Class org.gradle.cli.CommandLineParser$ParserState                                    : loaded 2 times (x 73B)
Class org.gradle.cli.CommandLineParser$OptionString                                   : loaded 2 times (x 70B)
Class org.gradle.internal.installation.CurrentGradleInstallationLocator               : loaded 2 times (x 68B)
Class org.gradle.internal.installation.CurrentGradleInstallation                      : loaded 2 times (x 70B)
Class org.gradle.util.internal.GUtil                                                  : loaded 2 times (x 68B)
Class org.gradle.cli.CommandLineParser$AfterOptions                                   : loaded 2 times (x 74B)
Class org.gradle.internal.installation.GradleInstallation                             : loaded 2 times (x 72B)

---------------  S Y S T E M  ---------------

OS:
 Windows 10 , 64 bit Build 19041 (10.0.19041.5198)
OS uptime: 0 days 2:32 hours

CPU: total 4 (initial active 4) (2 cores per cpu, 2 threads per core) family 6 model 78 stepping 3 microcode 0xf0, cx8, cmov, fxsr, ht, mmx, 3dnowpref, sse, sse2, sse3, ssse3, sse4.1, sse4.2, popcnt, lzcnt, tsc, tscinvbit, avx, avx2, aes, erms, clmul, bmi1, bmi2, rtm, adx, fma, vzeroupper, clflush, clflushopt, rdtscp, f16c
Processor Information for all 4 processors :
  Max Mhz: 2304, Current Mhz: 2304, Mhz Limit: 2304

Memory: 4k page, system-wide physical 3991M (154M free)
TotalPageFile size 15081M (AvailPageFile size 0M)
current process WorkingSet (physical memory assigned to process): 52M, peak: 92M
current process commit charge ("private bytes"): 154M, peak: 158M

vm_info: OpenJDK 64-Bit Server VM (21.0.3+-12282718-b509.11) for windows-amd64 JRE (21.0.3+-12282718-b509.11), built on 2024-08-27T17:34:15Z by "builder" with MS VC++ 16.10 / 16.11 (VS2019)

END.
